<?xml version="1.0" encoding="UTF-8"?>
<!-- Generated by org.testng.reporters.JUnitXMLReporter -->
<testsuite ignored="2" hostname="Harshgiris-MacBook-Pro.local" failures="0" tests="0" time="0.001" errors="0" timestamp="2019-12-09T19:01:27 NZDT">
  <testcase classname="com.herokuapp.theinternet.Login_Test_Negative" name="incorrect_password_test" time="0.0">
    <ignored/>
  </testcase> <!-- incorrect_password_test -->
  <testcase classname="com.herokuapp.theinternet.Login_Test_Negative" name="incorrect_username_test" time="0.0">
    <ignored/>
  </testcase> <!-- incorrect_username_test -->
</testsuite>
