<?xml version="1.0" encoding="UTF-8"?>
<!-- Generated by org.testng.reporters.JUnitXMLReporter -->
<testsuite ignored="2" hostname="Harshgiris-MacBook-Pro.local" failures="0" tests="1" name="Login_Negative_Username_Test" time="5.982" errors="0" timestamp="2019-12-09T19:51:53 NZDT">
  <testcase classname="com.herokuapp.theinternet.Login_Tests" name="negative_LoginTest_Incorrect_Username" time="5.977"/>
  <testcase classname="com.herokuapp.theinternet.Login_Tests" name="positive_LoginTest" time="0.0">
    <ignored/>
  </testcase> <!-- positive_LoginTest -->
  <testcase classname="com.herokuapp.theinternet.Login_Tests" name="negative_LoginTest_Incorrect_Password" time="0.0">
    <ignored/>
  </testcase> <!-- negative_LoginTest_Incorrect_Password -->
</testsuite> <!-- Login_Negative_Username_Test -->
