<?xml version="1.0" encoding="UTF-8"?>
<!-- Generated by org.testng.reporters.JUnitXMLReporter -->
<testsuite ignored="2" hostname="Harshgiris-MacBook-Pro.local" failures="0" tests="1" name="Login_Tests" time="7.077" errors="0" timestamp="2019-12-09T19:51:47 NZDT">
  <testcase classname="com.herokuapp.theinternet.Login_Tests" name="positive_LoginTest" time="7.04"/>
  <testcase classname="com.herokuapp.theinternet.Login_Tests" name="negative_LoginTest_Incorrect_Password" time="0.0">
    <ignored/>
  </testcase> <!-- negative_LoginTest_Incorrect_Password -->
  <testcase classname="com.herokuapp.theinternet.Login_Tests" name="negative_LoginTest_Incorrect_Username" time="0.0">
    <ignored/>
  </testcase> <!-- negative_LoginTest_Incorrect_Username -->
</testsuite> <!-- Login_Tests -->
