<?xml version="1.0" encoding="UTF-8"?>
<!-- Generated by org.testng.reporters.JUnitXMLReporter -->
<testsuite ignored="1" hostname="Harshgiris-MacBook-Pro.local" failures="0" tests="1" name="Login_Test_Negative" time="9.676" errors="0" timestamp="2019-12-09T18:22:37 NZDT">
  <testcase classname="com.herokuapp.theinternet.Login_Test_Negative" name="incorrect_username_test" time="9.651"/>
  <testcase classname="com.herokuapp.theinternet.Login_Test_Negative" name="incorrect_password_test" time="0.0">
    <ignored/>
  </testcase> <!-- incorrect_password_test -->
</testsuite> <!-- Login_Test_Negative -->
