<?xml version="1.0" encoding="UTF-8"?>
<!-- Generated by org.testng.reporters.JUnitXMLReporter -->
<testsuite ignored="3" hostname="Harshgiris-MacBook-Pro.local" failures="0" tests="1" name="Disabled_Element_Exception" time="14.536" errors="0" timestamp="2019-12-23T16:54:46 NZDT">
  <testcase classname="com.herokuapp.theinternet.loginpagetests.NegativeLoginTests" name="disabled_Element_Exception" time="4.015"/>
  <testcase classname="com.herokuapp.theinternet.loginpagetests.NegativeLoginTests" name="dynamic_Loading_Timeout" time="0.0">
    <ignored/>
  </testcase> <!-- dynamic_Loading_Timeout -->
  <testcase classname="com.herokuapp.theinternet.loginpagetests.NegativeLoginTests" name="stale_Element_Test_Exception" time="0.0">
    <ignored/>
  </testcase> <!-- stale_Element_Test_Exception -->
  <testcase classname="com.herokuapp.theinternet.loginpagetests.NegativeLoginTests" name="dynamic_Loading" time="0.0">
    <ignored/>
  </testcase> <!-- dynamic_Loading -->
</testsuite> <!-- Disabled_Element_Exception -->
