<?xml version="1.0" encoding="UTF-8"?>
<!-- Generated by org.testng.reporters.JUnitXMLReporter -->
<testsuite ignored="2" hostname="Harshgiris-MacBook-Pro.local" failures="0" tests="1" name="Disabled_Element_Exception" time="9.879" errors="0" timestamp="2020-01-01T19:45:32 NZDT">
  <testcase classname="com.herokuapp.theinternet.loginpagetests.NegativeLoginTests" name="negativeTestDisabledElement" time="4.544"/>
  <testcase classname="com.herokuapp.theinternet.loginpagetests.NegativeLoginTests" name="negativeTestStaleElement" time="0.0">
    <ignored/>
  </testcase> <!-- negativeTestStaleElement -->
  <testcase classname="com.herokuapp.theinternet.loginpagetests.NegativeLoginTests" name="negativeTestExplicitWait" time="0.0">
    <ignored/>
  </testcase> <!-- negativeTestExplicitWait -->
</testsuite> <!-- Disabled_Element_Exception -->
