<?xml version="1.0" encoding="UTF-8"?>
<!-- Generated by org.testng.reporters.JUnitXMLReporter -->
<testsuite ignored="2" hostname="Harshgiris-MacBook-Pro.local" failures="0" tests="3" name="Dynamic_Logout_Timeout" time="12.38" errors="0" timestamp="2019-12-23T23:30:07 NZDT">
  <testcase classname="com.herokuapp.theinternet.loginpagetests.NegativeLoginTests" name="stale_Element_Test_Exception" time="4.037"/>
  <testcase classname="com.herokuapp.theinternet.loginpagetests.NegativeLoginTests" name="disabled_Element_Exception" time="4.271"/>
  <testcase classname="com.herokuapp.theinternet.loginpagetests.NegativeLoginTests" name="dynamic_Loading_Timeout" time="6.258"/>
  <testcase classname="com.herokuapp.theinternet.loginpagetests.NegativeLoginTests" name="stale_Element_Test_Exception" time="0.0">
    <ignored/>
  </testcase> <!-- stale_Element_Test_Exception -->
  <testcase classname="com.herokuapp.theinternet.loginpagetests.NegativeLoginTests" name="disabled_Element_Exception" time="0.0">
    <ignored/>
  </testcase> <!-- disabled_Element_Exception -->
</testsuite> <!-- Dynamic_Logout_Timeout -->
