<?xml version="1.0" encoding="UTF-8"?>
<!-- Generated by org.testng.reporters.JUnitXMLReporter -->
<testsuite ignored="3" hostname="Harshgiris-MacBook-Pro.local" failures="0" tests="1" name="Stale_Element_Exception" time="8.716" errors="0" timestamp="2019-12-15T23:15:44 NZDT">
  <testcase classname="com.herokuapp.theinternet.loginpagetests.NegativeLoginTests" name="disabled_Element_Exception" time="4.04"/>
  <testcase classname="com.herokuapp.theinternet.loginpagetests.NegativeLoginTests" name="dynamic_Loading_Timeout" time="0.0">
    <ignored/>
  </testcase> <!-- dynamic_Loading_Timeout -->
  <testcase classname="com.herokuapp.theinternet.loginpagetests.NegativeLoginTests" name="stale_Element_Test_Exception" time="0.0">
    <ignored/>
  </testcase> <!-- stale_Element_Test_Exception -->
  <testcase classname="com.herokuapp.theinternet.loginpagetests.NegativeLoginTests" name="dynamic_Loading" time="0.0">
    <ignored/>
  </testcase> <!-- dynamic_Loading -->
</testsuite> <!-- Stale_Element_Exception -->
