<?xml version="1.0" encoding="UTF-8"?>
<testng-results ignored="0" total="1" passed="1" failed="0" skipped="0">
  <reporter-output>
  </reporter-output>
  <suite started-at="2019-12-09T16:29:41 NZDT" name="Surefire suite" finished-at="2019-12-09T16:29:50 NZDT" duration-ms="9366">
    <groups>
    </groups>
    <test started-at="2019-12-09T16:29:41 NZDT" name="Surefire test" finished-at="2019-12-09T16:29:50 NZDT" duration-ms="9366">
      <class name="com.herokuapp.theinternet.Login_Test_Positive">
        <test-method signature="login_Test()[pri:0, instance:com.herokuapp.theinternet.Login_Test_Positive@1a3869f4]" started-at="2019-12-09T16:29:41 NZDT" name="login_Test" finished-at="2019-12-09T16:29:50 NZDT" duration-ms="9341" status="PASS">
          <reporter-output>
          </reporter-output>
        </test-method> <!-- login_Test -->
      </class> <!-- com.herokuapp.theinternet.Login_Test_Positive -->
    </test> <!-- Surefire test -->
  </suite> <!-- Surefire suite -->
</testng-results>
