<?xml version="1.0" encoding="UTF-8"?>
<!-- Generated by org.testng.reporters.JUnitXMLReporter -->
<testsuite ignored="7" hostname="Harshgiris-MacBook-Pro.local" failures="1" tests="1" name="Frame_Test" time="6.92" errors="0" timestamp="2020-01-08T01:07:29 NZDT">
  <testcase classname="com.herokuapp.theinternet.loginpagetests.PositiveLoginTests" name="iFrameTest" time="1.807">
    <failure type="org.openqa.selenium.NoSuchElementException" message="no such element: Unable to locate element: {&amp;quot;method&amp;quot;:&amp;quot;css selector&amp;quot;,&amp;quot;selector&amp;quot;:&amp;quot;#mceu_13&amp;quot;}
  (Session info: chrome=79.0.3945.88)
For documentation on this error, please visit: https://www.seleniumhq.org/exceptions/no_such_element.html
Build info: version: &amp;apos;3.141.59&amp;apos;, revision: &amp;apos;e82be7d358&amp;apos;, time: &amp;apos;2018-11-14T08:17:03&amp;apos;
System info: host: &amp;apos;Harshgiris-MacBook-Pro.local&amp;apos;, ip: &amp;apos;fe80:0:0:0:8c:2281:375b:d6a%en0&amp;apos;, os.name: &amp;apos;Mac OS X&amp;apos;, os.arch: &amp;apos;x86_64&amp;apos;, os.version: &amp;apos;10.14.6&amp;apos;, java.version: &amp;apos;13.0.1&amp;apos;
Driver info: org.openqa.selenium.chrome.ChromeDriver
Capabilities {acceptInsecureCerts: false, browserName: chrome, browserVersion: 79.0.3945.88, chrome: {chromedriverVersion: 78.0.3904.105 (60e2d8774a81..., userDataDir: /var/folders/ng/938npx5x79q...}, goog:chromeOptions: {debuggerAddress: localhost:61442}, javascriptEnabled: true, networkConnectionEnabled: false, pageLoadStrategy: normal, platform: MAC, platformName: MAC, proxy: Proxy(), setWindowRect: true, strictFileInteractability: false, timeouts: {implicit: 0, pageLoad: 300000, script: 30000}, unhandledPromptBehavior: dismiss and notify}
Session ID: 62decf3690d44d691aa6b3b4789d7ac5
*** Element info: {Using=id, value=mceu_13}">
      <![CDATA[org.openqa.selenium.NoSuchElementException: no such element: Unable to locate element: {"method":"css selector","selector":"#mceu_13"}
  (Session info: chrome=79.0.3945.88)
For documentation on this error, please visit: https://www.seleniumhq.org/exceptions/no_such_element.html
Build info: version: '3.141.59', revision: 'e82be7d358', time: '2018-11-14T08:17:03'
System info: host: 'Harshgiris-MacBook-Pro.local', ip: 'fe80:0:0:0:8c:2281:375b:d6a%en0', os.name: 'Mac OS X', os.arch: 'x86_64', os.version: '10.14.6', java.version: '13.0.1'
Driver info: org.openqa.selenium.chrome.ChromeDriver
Capabilities {acceptInsecureCerts: false, browserName: chrome, browserVersion: 79.0.3945.88, chrome: {chromedriverVersion: 78.0.3904.105 (60e2d8774a81..., userDataDir: /var/folders/ng/938npx5x79q...}, goog:chromeOptions: {debuggerAddress: localhost:61442}, javascriptEnabled: true, networkConnectionEnabled: false, pageLoadStrategy: normal, platform: MAC, platformName: MAC, proxy: Proxy(), setWindowRect: true, strictFileInteractability: false, timeouts: {implicit: 0, pageLoad: 300000, script: 30000}, unhandledPromptBehavior: dismiss and notify}
Session ID: 62decf3690d44d691aa6b3b4789d7ac5
*** Element info: {Using=id, value=mceu_13}
at org.openqa.selenium.remote.http.W3CHttpResponseCodec.createException(W3CHttpResponseCodec.java:187)
at org.openqa.selenium.remote.http.W3CHttpResponseCodec.decode(W3CHttpResponseCodec.java:122)
at org.openqa.selenium.remote.http.W3CHttpResponseCodec.decode(W3CHttpResponseCodec.java:49)
at org.openqa.selenium.remote.HttpCommandExecutor.execute(HttpCommandExecutor.java:158)
at org.openqa.selenium.remote.service.DriverCommandExecutor.execute(DriverCommandExecutor.java:83)
at org.openqa.selenium.remote.RemoteWebDriver.execute(RemoteWebDriver.java:552)
at org.openqa.selenium.remote.RemoteWebDriver.findElement(RemoteWebDriver.java:323)
at org.openqa.selenium.remote.RemoteWebDriver.findElementById(RemoteWebDriver.java:372)
at org.openqa.selenium.By$ById.findElement(By.java:188)
at org.openqa.selenium.remote.RemoteWebDriver.findElement(RemoteWebDriver.java:315)
at com.herokuapp.theinternet.pages.BasePageObject.find(BasePageObject.java:34)
at com.herokuapp.theinternet.pages.FramePage.clearIFrameTextContent(FramePage.java:53)
at com.herokuapp.theinternet.loginpagetests.PositiveLoginTests.iFrameTest(PositiveLoginTests.java:250)
at java.base/java.util.ArrayList.forEach(ArrayList.java:1507)
... Removed 32 stack frames]]>
    </failure>
  </testcase> <!-- iFrameTest -->
  <testcase classname="com.herokuapp.theinternet.loginpagetests.PositiveLoginTests" name="dropdownTest" time="0.0">
    <ignored/>
  </testcase> <!-- dropdownTest -->
  <testcase classname="com.herokuapp.theinternet.loginpagetests.PositiveLoginTests" name="jsConfirmAlertTest" time="0.0">
    <ignored/>
  </testcase> <!-- jsConfirmAlertTest -->
  <testcase classname="com.herokuapp.theinternet.loginpagetests.PositiveLoginTests" name="logInTest" time="0.0">
    <ignored/>
  </testcase> <!-- logInTest -->
  <testcase classname="com.herokuapp.theinternet.loginpagetests.PositiveLoginTests" name="jsPromptAlertTest" time="0.0">
    <ignored/>
  </testcase> <!-- jsPromptAlertTest -->
  <testcase classname="com.herokuapp.theinternet.loginpagetests.PositiveLoginTests" name="checkboxesTest" time="0.0">
    <ignored/>
  </testcase> <!-- checkboxesTest -->
  <testcase classname="com.herokuapp.theinternet.loginpagetests.PositiveLoginTests" name="multipleWindowTest" time="0.0">
    <ignored/>
  </testcase> <!-- multipleWindowTest -->
  <testcase classname="com.herokuapp.theinternet.loginpagetests.PositiveLoginTests" name="jsAlertTest" time="0.0">
    <ignored/>
  </testcase> <!-- jsAlertTest -->
</testsuite> <!-- Frame_Test -->
