<?xml version="1.0" encoding="UTF-8"?>
<!-- Generated by org.testng.reporters.JUnitXMLReporter -->
<testsuite ignored="3" hostname="Harshgiris-MacBook-Pro.local" failures="0" tests="1" name="JavaScript_Alert_Test" time="5.512" errors="0" timestamp="2020-01-03T12:53:48 NZDT">
  <testcase classname="com.herokuapp.theinternet.loginpagetests.PositiveLoginTests" name="jsAlertTest" time="1.011"/>
  <testcase classname="com.herokuapp.theinternet.loginpagetests.PositiveLoginTests" name="dropdownTest" time="0.0">
    <ignored/>
  </testcase> <!-- dropdownTest -->
  <testcase classname="com.herokuapp.theinternet.loginpagetests.PositiveLoginTests" name="logInTest" time="0.0">
    <ignored/>
  </testcase> <!-- logInTest -->
  <testcase classname="com.herokuapp.theinternet.loginpagetests.PositiveLoginTests" name="checkboxesTest" time="0.0">
    <ignored/>
  </testcase> <!-- checkboxesTest -->
</testsuite> <!-- JavaScript_Alert_Test -->
