<?xml version="1.0" encoding="UTF-8"?>
<!-- Generated by org.testng.reporters.JUnitXMLReporter -->
<testsuite ignored="11" hostname="Harshgiris-MacBook-Pro.local" failures="0" tests="1" name="JSExecutor_Test" time="12.398" errors="0" timestamp="2020-02-01T15:01:49 NZDT">
  <testcase classname="com.herokuapp.theinternet.loginpagetests.PositiveLoginTests" name="jsExecutorTest" time="7.299"/>
  <testcase classname="com.herokuapp.theinternet.loginpagetests.PositiveLoginTests" name="dropdownTest" time="0.0">
    <ignored/>
  </testcase> <!-- dropdownTest -->
  <testcase classname="com.herokuapp.theinternet.loginpagetests.PositiveLoginTests" name="iFrameTest" time="0.0">
    <ignored/>
  </testcase> <!-- iFrameTest -->
  <testcase classname="com.herokuapp.theinternet.loginpagetests.PositiveLoginTests" name="jsConfirmAlertTest" time="0.0">
    <ignored/>
  </testcase> <!-- jsConfirmAlertTest -->
  <testcase classname="com.herokuapp.theinternet.loginpagetests.PositiveLoginTests" name="logInTest" time="0.0">
    <ignored/>
  </testcase> <!-- logInTest -->
  <testcase classname="com.herokuapp.theinternet.loginpagetests.PositiveLoginTests" name="keyPressActionTest" time="0.0">
    <ignored/>
  </testcase> <!-- keyPressActionTest -->
  <testcase classname="com.herokuapp.theinternet.loginpagetests.PositiveLoginTests" name="keyPressTest" time="0.0">
    <ignored/>
  </testcase> <!-- keyPressTest -->
  <testcase classname="com.herokuapp.theinternet.loginpagetests.PositiveLoginTests" name="fileUploadTest" time="0.0">
    <ignored/>
  </testcase> <!-- fileUploadTest -->
  <testcase classname="com.herokuapp.theinternet.loginpagetests.PositiveLoginTests" name="jsPromptAlertTest" time="0.0">
    <ignored/>
  </testcase> <!-- jsPromptAlertTest -->
  <testcase classname="com.herokuapp.theinternet.loginpagetests.PositiveLoginTests" name="checkboxesTest" time="0.0">
    <ignored/>
  </testcase> <!-- checkboxesTest -->
  <testcase classname="com.herokuapp.theinternet.loginpagetests.PositiveLoginTests" name="multipleWindowTest" time="0.0">
    <ignored/>
  </testcase> <!-- multipleWindowTest -->
  <testcase classname="com.herokuapp.theinternet.loginpagetests.PositiveLoginTests" name="jsAlertTest" time="0.0">
    <ignored/>
  </testcase> <!-- jsAlertTest -->
</testsuite> <!-- JSExecutor_Test -->
