<?xml version="1.0" encoding="UTF-8"?>
<!-- Generated by org.testng.reporters.JUnitXMLReporter -->
<testsuite ignored="9" hostname="Harshgiris-MacBook-Pro.local" failures="0" tests="1" name="KeyPress_Test" time="6.763" errors="0" timestamp="2020-01-13T19:23:36 NZDT">
  <testcase classname="com.herokuapp.theinternet.loginpagetests.PositiveLoginTests" name="keyPressActionTest" time="0.897"/>
  <testcase classname="com.herokuapp.theinternet.loginpagetests.PositiveLoginTests" name="dropdownTest" time="0.0">
    <ignored/>
  </testcase> <!-- dropdownTest -->
  <testcase classname="com.herokuapp.theinternet.loginpagetests.PositiveLoginTests" name="iFrameTest" time="0.0">
    <ignored/>
  </testcase> <!-- iFrameTest -->
  <testcase classname="com.herokuapp.theinternet.loginpagetests.PositiveLoginTests" name="jsConfirmAlertTest" time="0.0">
    <ignored/>
  </testcase> <!-- jsConfirmAlertTest -->
  <testcase classname="com.herokuapp.theinternet.loginpagetests.PositiveLoginTests" name="logInTest" time="0.0">
    <ignored/>
  </testcase> <!-- logInTest -->
  <testcase classname="com.herokuapp.theinternet.loginpagetests.PositiveLoginTests" name="keyPressTest" time="0.0">
    <ignored/>
  </testcase> <!-- keyPressTest -->
  <testcase classname="com.herokuapp.theinternet.loginpagetests.PositiveLoginTests" name="jsPromptAlertTest" time="0.0">
    <ignored/>
  </testcase> <!-- jsPromptAlertTest -->
  <testcase classname="com.herokuapp.theinternet.loginpagetests.PositiveLoginTests" name="checkboxesTest" time="0.0">
    <ignored/>
  </testcase> <!-- checkboxesTest -->
  <testcase classname="com.herokuapp.theinternet.loginpagetests.PositiveLoginTests" name="multipleWindowTest" time="0.0">
    <ignored/>
  </testcase> <!-- multipleWindowTest -->
  <testcase classname="com.herokuapp.theinternet.loginpagetests.PositiveLoginTests" name="jsAlertTest" time="0.0">
    <ignored/>
  </testcase> <!-- jsAlertTest -->
</testsuite> <!-- KeyPress_Test -->
