<?xml version="1.0" encoding="UTF-8"?>
<!-- Generated by org.testng.reporters.JUnitXMLReporter -->
<testsuite ignored="6" hostname="Harshgiris-MacBook-Pro.local" failures="0" tests="1" name="Multiple_Window_Test" time="8.849" errors="0" timestamp="2020-01-03T18:22:01 NZDT">
  <testcase classname="com.herokuapp.theinternet.loginpagetests.PositiveLoginTests" name="multipleWindowTest" time="1.394"/>
  <testcase classname="com.herokuapp.theinternet.loginpagetests.PositiveLoginTests" name="dropdownTest" time="0.0">
    <ignored/>
  </testcase> <!-- dropdownTest -->
  <testcase classname="com.herokuapp.theinternet.loginpagetests.PositiveLoginTests" name="jsConfirmAlertTest" time="0.0">
    <ignored/>
  </testcase> <!-- jsConfirmAlertTest -->
  <testcase classname="com.herokuapp.theinternet.loginpagetests.PositiveLoginTests" name="logInTest" time="0.0">
    <ignored/>
  </testcase> <!-- logInTest -->
  <testcase classname="com.herokuapp.theinternet.loginpagetests.PositiveLoginTests" name="jsPromptAlertTest" time="0.0">
    <ignored/>
  </testcase> <!-- jsPromptAlertTest -->
  <testcase classname="com.herokuapp.theinternet.loginpagetests.PositiveLoginTests" name="checkboxesTest" time="0.0">
    <ignored/>
  </testcase> <!-- checkboxesTest -->
  <testcase classname="com.herokuapp.theinternet.loginpagetests.PositiveLoginTests" name="jsAlertTest" time="0.0">
    <ignored/>
  </testcase> <!-- jsAlertTest -->
</testsuite> <!-- Multiple_Window_Test -->
