<?xml version="1.0" encoding="UTF-8"?>
<!-- Generated by org.testng.reporters.JUnitXMLReporter -->
<testsuite ignored="2" hostname="Harshgiris-MacBook-Pro.local" failures="0" tests="1" name="PositiveLoginTest" time="8.182" errors="0" timestamp="2019-12-12T19:05:56 NZDT">
  <testcase classname="com.herokuapp.theinternet.loginpagetests.PositiveLoginTests" name="positive_LoginTest" time="1.868"/>
  <testcase classname="com.herokuapp.theinternet.loginpagetests.PositiveLoginTests" name="negative_LoginTest_Incorrect_Password" time="0.0">
    <ignored/>
  </testcase> <!-- negative_LoginTest_Incorrect_Password -->
  <testcase classname="com.herokuapp.theinternet.loginpagetests.PositiveLoginTests" name="negative_LoginTest_Incorrect_Username" time="0.0">
    <ignored/>
  </testcase> <!-- negative_LoginTest_Incorrect_Username -->
</testsuite> <!-- PositiveLoginTest -->
