<?xml version="1.0" encoding="UTF-8"?>
<!-- Generated by org.testng.reporters.JUnitXMLReporter -->
<testsuite ignored="2" hostname="Harshgiris-MacBook-Pro.local" failures="1" tests="1" name="Dynamic_Logout_Timeout" time="9.107" errors="0" timestamp="2019-12-10T20:08:31 NZDT">
  <testcase classname="com.herokuapp.theinternet.Login_Exceptions_Tests" name="dynamic_Loading_Timeout" time="2.921">
    <failure type="java.lang.AssertionError" message="Exception: The actual value is not as the expected value expected [Hello World!] but found []">
      <![CDATA[java.lang.AssertionError: Exception: The actual value is not as the expected value expected [Hello World!] but found []
at com.herokuapp.theinternet.Login_Exceptions_Tests.dynamic_Loading_Timeout(Login_Exceptions_Tests.java:84)
at java.base/java.util.ArrayList.forEach(ArrayList.java:1507)
... Removed 31 stack frames]]>
    </failure>
  </testcase> <!-- dynamic_Loading_Timeout -->
  <testcase classname="com.herokuapp.theinternet.Login_Exceptions_Tests" name="stale_Element_Test_Exception" time="0.0">
    <ignored/>
  </testcase> <!-- stale_Element_Test_Exception -->
  <testcase classname="com.herokuapp.theinternet.Login_Exceptions_Tests" name="dynamic_Loading" time="0.0">
    <ignored/>
  </testcase> <!-- dynamic_Loading -->
</testsuite> <!-- Dynamic_Logout_Timeout -->
