<?xml version="1.0" encoding="UTF-8"?>
<!-- Generated by org.testng.reporters.JUnitXMLReporter -->
<testsuite ignored="2" hostname="Harshgiris-MacBook-Pro.local" failures="0" tests="1" name="Login_Exception_Tests" time="10.724" errors="0" timestamp="2019-12-10T20:08:22 NZDT">
  <testcase classname="com.herokuapp.theinternet.Login_Exceptions_Tests" name="dynamic_Loading" time="5.984"/>
  <testcase classname="com.herokuapp.theinternet.Login_Exceptions_Tests" name="dynamic_Loading_Timeout" time="0.0">
    <ignored/>
  </testcase> <!-- dynamic_Loading_Timeout -->
  <testcase classname="com.herokuapp.theinternet.Login_Exceptions_Tests" name="stale_Element_Test_Exception" time="0.0">
    <ignored/>
  </testcase> <!-- stale_Element_Test_Exception -->
</testsuite> <!-- Login_Exception_Tests -->
