<?xml version="1.0" encoding="UTF-8"?>
<!-- Generated by org.testng.reporters.JUnitXMLReporter -->
<testsuite ignored="0" hostname="Harshgiris-MacBook-Pro.local" failures="1" tests="1" name="Login_Exception_Tests" time="8.157" errors="0" timestamp="2019-12-10T19:04:18 NZDT">
  <testcase classname="com.herokuapp.theinternet.Login_Exceptions_Tests" name="dynamic_Loading_Timeout" time="3.004">
    <failure type="java.lang.AssertionError" message="Exception: The actual value is not as the expected value expected [Hello World!] but found []">
      <![CDATA[java.lang.AssertionError: Exception: The actual value is not as the expected value expected [Hello World!] but found []
at com.herokuapp.theinternet.Login_Exceptions_Tests.dynamic_Loading_Timeout(Login_Exceptions_Tests.java:83)
at java.base/java.util.ArrayList.forEach(ArrayList.java:1507)
... Removed 31 stack frames]]>
    </failure>
  </testcase> <!-- dynamic_Loading_Timeout -->
</testsuite> <!-- Login_Exception_Tests -->
