<?xml version="1.0" encoding="UTF-8"?>
<!-- Generated by org.testng.reporters.JUnitXMLReporter -->
<testsuite ignored="0" hostname="Harshgiris-MacBook-Pro.local" failures="0" tests="2" name="Login_Test_Negative" time="11.686" errors="0" timestamp="2019-12-09T17:49:11 NZDT">
  <testcase classname="com.herokuapp.theinternet.Login_Test_Negative" name="incorrect_password_test" time="5.835"/>
  <testcase classname="com.herokuapp.theinternet.Login_Test_Negative" name="incorrect_username_test" time="5.848"/>
</testsuite> <!-- Login_Test_Negative -->
